<?xml version="1.0" encoding="UTF-8"?>
<testsuite name="Sing Up" tests="1" skipped="0" failures="1" errors="0" timestamp="2021-07-07T03:33:16" hostname="KEVINROG" time="11.406">
  <properties/>
  <testcase name="Successful sing up" classname="Sing Up" time="11.406">
    <failure message="cucumber.runtime.CucumberException: No such field utest.model.DataPage.strMonthN" type="cucumber.runtime.CucumberException">cucumber.runtime.CucumberException: No such field utest.model.DataPage.strMonthN
	at cucumber.runtime.table.TableConverter.toListOfComplexType(TableConverter.java:107)
	at cucumber.runtime.table.TableConverter.convert(TableConverter.java:92)
	at cucumber.runtime.StepDefinitionMatch.tableArgument(StepDefinitionMatch.java:106)
	at cucumber.runtime.StepDefinitionMatch.transformedArgs(StepDefinitionMatch.java:82)
	at cucumber.runtime.StepDefinitionMatch.runStep(StepDefinitionMatch.java:40)
	at cucumber.api.TestStep.executeStep(TestStep.java:102)
	at cucumber.api.TestStep.run(TestStep.java:83)
	at cucumber.api.TestCase.run(TestCase.java:58)
	at cucumber.runner.Runner.runPickle(Runner.java:80)
	at cucumber.runtime.junit.PickleRunners$NoStepDescriptions.run(PickleRunners.java:140)
	at cucumber.runtime.junit.FeatureRunner.runChild(FeatureRunner.java:68)
	at cucumber.runtime.junit.FeatureRunner.runChild(FeatureRunner.java:23)
	at org.junit.runners.ParentRunner$3.run(ParentRunner.java:290)
	at org.junit.runners.ParentRunner$1.schedule(ParentRunner.java:71)
	at org.junit.runners.ParentRunner.runChildren(ParentRunner.java:288)
	at org.junit.runners.ParentRunner.access$000(ParentRunner.java:58)
	at org.junit.runners.ParentRunner$2.evaluate(ParentRunner.java:268)
	at org.junit.runners.ParentRunner.run(ParentRunner.java:363)
	at cucumber.runtime.junit.FeatureRunner.run(FeatureRunner.java:73)
	at cucumber.api.junit.Cucumber.runChild(Cucumber.java:118)
	at cucumber.api.junit.Cucumber.runChild(Cucumber.java:56)
	at org.junit.runners.ParentRunner$3.run(ParentRunner.java:290)
	at org.junit.runners.ParentRunner$1.schedule(ParentRunner.java:71)
	at org.junit.runners.ParentRunner.runChildren(ParentRunner.java:288)
	at org.junit.runners.ParentRunner.access$000(ParentRunner.java:58)
	at org.junit.runners.ParentRunner$2.evaluate(ParentRunner.java:268)
	at cucumber.api.junit.Cucumber$1.evaluate(Cucumber.java:127)
	at org.junit.runners.ParentRunner.run(ParentRunner.java:363)
	at org.gradle.api.internal.tasks.testing.junit.JUnitTestClassExecutor.runTestClass(JUnitTestClassExecutor.java:110)
	at org.gradle.api.internal.tasks.testing.junit.JUnitTestClassExecutor.execute(JUnitTestClassExecutor.java:58)
	at org.gradle.api.internal.tasks.testing.junit.JUnitTestClassExecutor.execute(JUnitTestClassExecutor.java:38)
	at org.gradle.api.internal.tasks.testing.junit.AbstractJUnitTestClassProcessor.processTestClass(AbstractJUnitTestClassProcessor.java:62)
	at org.gradle.api.internal.tasks.testing.SuiteTestClassProcessor.processTestClass(SuiteTestClassProcessor.java:51)
	at sun.reflect.NativeMethodAccessorImpl.invoke0(Native Method)
	at sun.reflect.NativeMethodAccessorImpl.invoke(NativeMethodAccessorImpl.java:62)
	at sun.reflect.DelegatingMethodAccessorImpl.invoke(DelegatingMethodAccessorImpl.java:43)
	at java.lang.reflect.Method.invoke(Method.java:498)
	at org.gradle.internal.dispatch.ReflectionDispatch.dispatch(ReflectionDispatch.java:36)
	at org.gradle.internal.dispatch.ReflectionDispatch.dispatch(ReflectionDispatch.java:24)
	at org.gradle.internal.dispatch.ContextClassLoaderDispatch.dispatch(ContextClassLoaderDispatch.java:33)
	at org.gradle.internal.dispatch.ProxyDispatchAdapter$DispatchingInvocationHandler.invoke(ProxyDispatchAdapter.java:94)
	at com.sun.proxy.$Proxy2.processTestClass(Unknown Source)
	at org.gradle.api.internal.tasks.testing.worker.TestWorker.processTestClass(TestWorker.java:119)
	at sun.reflect.NativeMethodAccessorImpl.invoke0(Native Method)
	at sun.reflect.NativeMethodAccessorImpl.invoke(NativeMethodAccessorImpl.java:62)
	at sun.reflect.DelegatingMethodAccessorImpl.invoke(DelegatingMethodAccessorImpl.java:43)
	at java.lang.reflect.Method.invoke(Method.java:498)
	at org.gradle.internal.dispatch.ReflectionDispatch.dispatch(ReflectionDispatch.java:36)
	at org.gradle.internal.dispatch.ReflectionDispatch.dispatch(ReflectionDispatch.java:24)
	at org.gradle.internal.remote.internal.hub.MessageHubBackedObjectConnection$DispatchWrapper.dispatch(MessageHubBackedObjectConnection.java:182)
	at org.gradle.internal.remote.internal.hub.MessageHubBackedObjectConnection$DispatchWrapper.dispatch(MessageHubBackedObjectConnection.java:164)
	at org.gradle.internal.remote.internal.hub.MessageHub$Handler.run(MessageHub.java:414)
	at org.gradle.internal.concurrent.ExecutorPolicy$CatchAndRecordFailures.onExecute(ExecutorPolicy.java:64)
	at org.gradle.internal.concurrent.ManagedExecutorImpl$1.run(ManagedExecutorImpl.java:48)
	at java.util.concurrent.ThreadPoolExecutor.runWorker(ThreadPoolExecutor.java:1149)
	at java.util.concurrent.ThreadPoolExecutor$Worker.run(ThreadPoolExecutor.java:624)
	at org.gradle.internal.concurrent.ThreadFactoryImpl$ManagedThreadRunnable.run(ThreadFactoryImpl.java:56)
	at java.lang.Thread.run(Thread.java:748)
</failure>
  </testcase>
  <system-out><![CDATA[]]></system-out>
  <system-err><![CDATA[[Test worker] WARN net.thucydides.core.steps.BaseStepListener - stepStarted: net.thucydides.core.steps.ExecutedStepDescription@356aa54f
[Test worker] WARN net.thucydides.core.steps.BaseStepListener - stepStarted: net.thucydides.core.steps.ExecutedStepDescription@39a2562d
[Test worker] WARN net.thucydides.core.steps.BaseStepListener - stepStarted: net.thucydides.core.steps.ExecutedStepDescription@2da8db97
jul 06, 2021 10:33:17 PM org.openqa.selenium.remote.DesiredCapabilities chrome
INFORMACIÓN: Using `new ChromeOptions()` is preferred to `DesiredCapabilities.chrome()`
[Test worker] INFO net.serenitybdd.core.webdriver.driverproviders.ProvideNewDriver - Instantiating driver
[Test worker] INFO net.serenitybdd.core.webdriver.driverproviders.ProvideNewDriver - Driver capabilities: Capabilities {acceptInsecureCerts: false, browserName: chrome, chrome.switches: --start-maximized, goog:chromeOptions: {args: [--start-maximized], extensions: []}, loggingPrefs: org.openqa.selenium.logging..., platform: ANY, version: }
Starting ChromeDriver 91.0.4472.101 (af52a90bf87030dd1523486a1cd3ae25c5d76c9b-refs/branch-heads/4472@{#1462}) on port 33155
Only local connections are allowed.
Please see https://chromedriver.chromium.org/security-considerations for suggestions on keeping ChromeDriver safe.
ChromeDriver was started successfully.
jul 06, 2021 10:33:20 PM org.openqa.selenium.remote.ProtocolHandshake createSession
INFORMACIÓN: Detected dialect: W3C
[Test worker] WARN net.thucydides.core.steps.BaseStepListener - stepFinished: current outcome:Successful sing up:Given that Kevin wants to register as a new user on the uTest.com page [Kevin open up [Kevin opens the U test page]]
[Test worker] WARN net.thucydides.core.steps.BaseStepListener - stepFinished: current outcome:Successful sing up:Given that Kevin wants to register as a new user on the uTest.com page [Kevin open up [Kevin opens the U test page]]
[Test worker] WARN net.thucydides.core.steps.BaseStepListener - stepStarted: net.thucydides.core.steps.ExecutedStepDescription@4ce05b5b
[Test worker] WARN net.thucydides.core.steps.BaseStepListener - stepStarted: net.thucydides.core.steps.ExecutedStepDescription@c9ea05a
[Test worker] WARN net.thucydides.core.steps.BaseStepListener - stepFinished: current outcome:Successful sing up:Given that Kevin wants to register as a new user on the uTest.com page [Kevin open up [Kevin opens the U test page], Kevin sing up [Kevin clicks on button that shows us the form to register]]
[Test worker] WARN net.thucydides.core.steps.BaseStepListener - stepFinished: current outcome:Successful sing up:Given that Kevin wants to register as a new user on the uTest.com page [Kevin open up [Kevin opens the U test page], Kevin sing up [Kevin clicks on button that shows us the form to register]]
[Test worker] WARN net.thucydides.core.steps.BaseStepListener - stepFinished: current outcome:Successful sing up:Given that Kevin wants to register as a new user on the uTest.com page [Kevin open up [Kevin opens the U test page], Kevin sing up [Kevin clicks on button that shows us the form to register]]
[Test worker] WARN net.thucydides.core.steps.BaseStepListener - stepStarted: net.thucydides.core.steps.ExecutedStepDescription@65bf8f4
[Test worker] WARN net.thucydides.core.steps.BaseStepListener - stepStarted: net.thucydides.core.steps.ExecutedStepDescription@7be075c4
[Test worker] WARN net.thucydides.core.steps.BaseStepListener - testFinished: Successful sing up:Given that Kevin wants to register as a new user on the uTest.com page [Kevin open up [Kevin opens the U test page], Kevin sing up [Kevin clicks on button that shows us the form to register]], When He finds the form and completes it, to be a registered user
| strName | strLastName | strEmail | strMonthN | strDayN | strYearN | strCitystay | strZIPCode | strCountryLocation | strLanguageSpeak | strMachine | strOS | strMobile | strMobileModel | strMobileOs | strPassword |
| kevin | Triana | kevintriana123@hotmailll.com | January | 13 | 1990 | Bogota | 1152007 | Colombia | Spanish | Windows | 10 | Apple | iPhone XR | iOS 14.5.1 | KevinQaz,.0 |, Then of fill out the form is a new registered user.
| Complete Register |
[Test worker] WARN net.thucydides.core.steps.BaseStepListener - TestOutcomes: [Successful sing up:Given that Kevin wants to register as a new user on the uTest.com page [Kevin open up [Kevin opens the U test page], Kevin sing up [Kevin clicks on button that shows us the form to register]], When He finds the form and completes it, to be a registered user
| strName | strLastName | strEmail | strMonthN | strDayN | strYearN | strCitystay | strZIPCode | strCountryLocation | strLanguageSpeak | strMachine | strOS | strMobile | strMobileModel | strMobileOs | strPassword |
| kevin | Triana | kevintriana123@hotmailll.com | January | 13 | 1990 | Bogota | 1152007 | Colombia | Spanish | Windows | 10 | Apple | iPhone XR | iOS 14.5.1 | KevinQaz,.0 |, Then of fill out the form is a new registered user.
| Complete Register |]
[Test worker] WARN net.thucydides.core.steps.BaseStepListener - Final testOutcomes: [Successful sing up:Given that Kevin wants to register as a new user on the uTest.com page [Kevin open up [Kevin opens the U test page], Kevin sing up [Kevin clicks on button that shows us the form to register]], When He finds the form and completes it, to be a registered user
| strName | strLastName | strEmail | strMonthN | strDayN | strYearN | strCitystay | strZIPCode | strCountryLocation | strLanguageSpeak | strMachine | strOS | strMobile | strMobileModel | strMobileOs | strPassword |
| kevin | Triana | kevintriana123@hotmailll.com | January | 13 | 1990 | Bogota | 1152007 | Colombia | Spanish | Windows | 10 | Apple | iPhone XR | iOS 14.5.1 | KevinQaz,.0 |, Then of fill out the form is a new registered user.
| Complete Register |]
[Test worker] ERROR net.thucydides.core.steps.ConsoleLoggingListener - 
           __  _____ _____ ____ _____   _____ _    ___ _     _____ ____  
  _       / / |_   _| ____/ ___|_   _| |  ___/ \  |_ _| |   | ____|  _ \ 
 (_)_____| |    | | |  _| \___ \ | |   | |_ / _ \  | || |   |  _| | | | |
  _|_____| |    | | | |___ ___) || |   |  _/ ___ \ | || |___| |___| |_| |
 (_)     | |    |_| |_____|____/ |_|   |_|/_/   \_\___|_____|_____|____/ 
          \_\                                                            

TEST FAILED WITH ERROR: Successful sing up
---------------------------------------------------------------------
[Test worker] ERROR net.thucydides.core.steps.ConsoleLoggingListener - TEST FAILED AT STEP When He finds the form and completes it, to be a registered user | strName | strLastName | strEmail | strMonthN | strDayN | strYearN | strCitystay | strZIPCode | strCountryLocation | strLanguageSpeak | strMachine | strOS | strMobile | strMobileModel | strMobileOs | strPassword | | kevin | Triana | kevintriana123@hotmailll.com | January | 13 | 1990 | Bogota | 1152007 | Colombia | Spanish | Windows | 10 | Apple | iPhone XR | iOS 14.5.1 | KevinQaz,.0 |
[Test worker] ERROR net.thucydides.core.steps.ConsoleLoggingListener - No such field utest.model.DataPage.strMonthN
]]></system-err>
</testsuite>
